<?xml version="1.0" encoding="UTF-8"?>
<coverage generated="1779836610301" clover="3.2.0">
  <project timestamp="1779836610301" name="All files">
    <metrics statements="76" coveredstatements="76" conditionals="40" coveredconditionals="34" methods="20" coveredmethods="19" elements="136" coveredelements="129" complexity="0" loc="76" ncloc="76" packages="2" files="7" classes="7"/>
    <package name="middlewares">
      <metrics statements="33" coveredstatements="33" conditionals="27" coveredconditionals="24" methods="7" coveredmethods="7"/>
      <file name="authMiddleware.js" path="C:\Users\yosim\Desktop\SAVS_FWD\backend\middlewares\authMiddleware.js">
        <metrics statements="23" coveredstatements="23" conditionals="23" coveredconditionals="22" methods="3" coveredmethods="3"/>
        <line num="1" count="9" type="stmt"/>
        <line num="2" count="9" type="stmt"/>
        <line num="5" count="9" type="stmt"/>
        <line num="6" count="43" type="cond" truecount="2" falsecount="0"/>
        <line num="7" count="43" type="cond" truecount="1" falsecount="1"/>
        <line num="8" count="43" type="cond" truecount="2" falsecount="0"/>
        <line num="10" count="43" type="cond" truecount="2" falsecount="0"/>
        <line num="11" count="14" type="stmt"/>
        <line num="14" count="29" type="stmt"/>
        <line num="15" count="29" type="cond" truecount="2" falsecount="0"/>
        <line num="16" count="28" type="stmt"/>
        <line num="20" count="28" type="cond" truecount="2" falsecount="0"/>
        <line num="21" count="1" type="stmt"/>
        <line num="24" count="27" type="stmt"/>
        <line num="26" count="1" type="stmt"/>
        <line num="31" count="9" type="stmt"/>
        <line num="32" count="10" type="cond" truecount="5" falsecount="0"/>
        <line num="33" count="1" type="stmt"/>
        <line num="35" count="9" type="stmt"/>
        <line num="39" count="9" type="stmt"/>
        <line num="40" count="8" type="cond" truecount="6" falsecount="0"/>
        <line num="41" count="2" type="stmt"/>
        <line num="43" count="6" type="stmt"/>
      </file>
      <file name="requestContext.js" path="C:\Users\yosim\Desktop\SAVS_FWD\backend\middlewares\requestContext.js">
        <metrics statements="10" coveredstatements="10" conditionals="4" coveredconditionals="2" methods="4" coveredmethods="4"/>
        <line num="1" count="9" type="stmt"/>
        <line num="2" count="9" type="stmt"/>
        <line num="3" count="9" type="stmt"/>
        <line num="5" count="9" type="stmt"/>
        <line num="8" count="67" type="stmt"/>
        <line num="9" count="67" type="cond" truecount="2" falsecount="2"/>
        <line num="12" count="134" type="stmt"/>
        <line num="16" count="67" type="stmt"/>
        <line num="23" count="67" type="stmt"/>
        <line num="30" count="9" type="stmt"/>
      </file>
    </package>
    <package name="utils">
      <metrics statements="43" coveredstatements="43" conditionals="13" coveredconditionals="10" methods="13" coveredmethods="12"/>
      <file name="asyncHandler.js" path="C:\Users\yosim\Desktop\SAVS_FWD\backend\utils\asyncHandler.js">
        <metrics statements="2" coveredstatements="2" conditionals="0" coveredconditionals="0" methods="2" coveredmethods="2"/>
        <line num="6" count="135" type="stmt"/>
        <line num="8" count="9" type="stmt"/>
      </file>
      <file name="facebookUrl.js" path="C:\Users\yosim\Desktop\SAVS_FWD\backend\utils\facebookUrl.js">
        <metrics statements="3" coveredstatements="3" conditionals="0" coveredconditionals="0" methods="1" coveredmethods="0"/>
        <line num="3" count="9" type="stmt"/>
        <line num="5" count="9" type="stmt"/>
        <line num="7" count="9" type="stmt"/>
      </file>
      <file name="httpError.js" path="C:\Users\yosim\Desktop\SAVS_FWD\backend\utils\httpError.js">
        <metrics statements="5" coveredstatements="5" conditionals="0" coveredconditionals="0" methods="1" coveredmethods="1"/>
        <line num="3" count="3" type="stmt"/>
        <line num="4" count="3" type="stmt"/>
        <line num="5" count="3" type="stmt"/>
        <line num="6" count="3" type="stmt"/>
        <line num="10" count="9" type="stmt"/>
      </file>
      <file name="logger.js" path="C:\Users\yosim\Desktop\SAVS_FWD\backend\utils\logger.js">
        <metrics statements="4" coveredstatements="4" conditionals="4" coveredconditionals="3" methods="0" coveredmethods="0"/>
        <line num="1" count="9" type="stmt"/>
        <line num="4" count="9" type="cond" truecount="1" falsecount="1"/>
        <line num="15" count="9" type="stmt"/>
        <line num="24" count="9" type="stmt"/>
      </file>
      <file name="reportExport.js" path="C:\Users\yosim\Desktop\SAVS_FWD\backend\utils\reportExport.js">
        <metrics statements="29" coveredstatements="29" conditionals="9" coveredconditionals="7" methods="9" coveredmethods="9"/>
        <line num="1" count="10" type="stmt"/>
        <line num="2" count="10" type="stmt"/>
        <line num="4" count="10" type="cond" truecount="1" falsecount="0"/>
        <line num="5" count="2" type="stmt"/>
        <line num="6" count="2" type="stmt"/>
        <line num="7" count="2" type="cond" truecount="2" falsecount="0"/>
        <line num="8" count="1" type="stmt"/>
        <line num="9" count="1" type="stmt"/>
        <line num="11" count="1" type="stmt"/>
        <line num="12" count="1" type="stmt"/>
        <line num="13" count="6" type="cond" truecount="1" falsecount="1"/>
        <line num="14" count="1" type="stmt"/>
        <line num="17" count="10" type="stmt"/>
        <line num="18" count="2" type="stmt"/>
        <line num="19" count="2" type="stmt"/>
        <line num="20" count="2" type="stmt"/>
        <line num="21" count="122" type="stmt"/>
        <line num="22" count="2" type="stmt"/>
        <line num="23" count="2" type="stmt"/>
        <line num="24" count="2" type="stmt"/>
        <line num="25" count="2" type="stmt"/>
        <line num="26" count="2" type="cond" truecount="2" falsecount="0"/>
        <line num="27" count="1" type="stmt"/>
        <line num="29" count="1" type="stmt"/>
        <line num="30" count="1" type="stmt"/>
        <line num="31" count="6" type="stmt"/>
        <line num="33" count="1" type="cond" truecount="1" falsecount="1"/>
        <line num="35" count="2" type="stmt"/>
        <line num="38" count="10" type="stmt"/>
      </file>
    </package>
  </project>
</coverage>
