{"C:\\Users\\yosim\\Desktop\\SAVS_FWD\\backend\\middlewares\\authMiddleware.js": {"path":"C:\\Users\\yosim\\Desktop\\SAVS_FWD\\backend\\middlewares\\authMiddleware.js","statementMap":{"0":{"start":{"line":1,"column":12},"end":{"line":1,"column":35}},"1":{"start":{"line":2,"column":25},"end":{"line":2,"column":45}},"2":{"start":{"line":5,"column":0},"end":{"line":28,"column":2}},"3":{"start":{"line":6,"column":23},"end":{"line":6,"column":54}},"4":{"start":{"line":7,"column":24},"end":{"line":7,"column":85}},"5":{"start":{"line":8,"column":18},"end":{"line":8,"column":50}},"6":{"start":{"line":10,"column":4},"end":{"line":12,"column":5}},"7":{"start":{"line":11,"column":8},"end":{"line":11,"column":95}},"8":{"start":{"line":14,"column":4},"end":{"line":27,"column":5}},"9":{"start":{"line":15,"column":24},"end":{"line":15,"column":93}},"10":{"start":{"line":16,"column":8},"end":{"line":18,"column":11}},"11":{"start":{"line":20,"column":8},"end":{"line":22,"column":9}},"12":{"start":{"line":21,"column":12},"end":{"line":21,"column":95}},"13":{"start":{"line":24,"column":8},"end":{"line":24,"column":15}},"14":{"start":{"line":26,"column":8},"end":{"line":26,"column":60}},"15":{"start":{"line":31,"column":0},"end":{"line":36,"column":2}},"16":{"start":{"line":32,"column":4},"end":{"line":34,"column":5}},"17":{"start":{"line":33,"column":8},"end":{"line":33,"column":101}},"18":{"start":{"line":35,"column":4},"end":{"line":35,"column":11}},"19":{"start":{"line":39,"column":0},"end":{"line":44,"column":2}},"20":{"start":{"line":40,"column":4},"end":{"line":42,"column":5}},"21":{"start":{"line":41,"column":8},"end":{"line":41,"column":101}},"22":{"start":{"line":43,"column":4},"end":{"line":43,"column":11}}},"fnMap":{"0":{"name":"(anonymous_0)","decl":{"start":{"line":5,"column":25},"end":{"line":5,"column":26}},"loc":{"start":{"line":5,"column":51},"end":{"line":28,"column":1}},"line":5},"1":{"name":"(anonymous_1)","decl":{"start":{"line":31,"column":18},"end":{"line":31,"column":19}},"loc":{"start":{"line":31,"column":38},"end":{"line":36,"column":1}},"line":31},"2":{"name":"(anonymous_2)","decl":{"start":{"line":39,"column":26},"end":{"line":39,"column":27}},"loc":{"start":{"line":39,"column":46},"end":{"line":44,"column":1}},"line":39}},"branchMap":{"0":{"loc":{"start":{"line":6,"column":23},"end":{"line":6,"column":54}},"type":"binary-expr","locations":[{"start":{"line":6,"column":23},"end":{"line":6,"column":48}},{"start":{"line":6,"column":52},"end":{"line":6,"column":54}}],"line":6},"1":{"loc":{"start":{"line":7,"column":24},"end":{"line":7,"column":85}},"type":"cond-expr","locations":[{"start":{"line":7,"column":59},"end":{"line":7,"column":78}},{"start":{"line":7,"column":81},"end":{"line":7,"column":85}}],"line":7},"2":{"loc":{"start":{"line":8,"column":18},"end":{"line":8,"column":50}},"type":"binary-expr","locations":[{"start":{"line":8,"column":18},"end":{"line":8,"column":29}},{"start":{"line":8,"column":33},"end":{"line":8,"column":50}}],"line":8},"3":{"loc":{"start":{"line":10,"column":4},"end":{"line":12,"column":5}},"type":"if","locations":[{"start":{"line":10,"column":4},"end":{"line":12,"column":5}},{"start":{},"end":{}}],"line":10},"4":{"loc":{"start":{"line":15,"column":42},"end":{"line":15,"column":92}},"type":"binary-expr","locations":[{"start":{"line":15,"column":42},"end":{"line":15,"column":64}},{"start":{"line":15,"column":68},"end":{"line":15,"column":92}}],"line":15},"5":{"loc":{"start":{"line":20,"column":8},"end":{"line":22,"column":9}},"type":"if","locations":[{"start":{"line":20,"column":8},"end":{"line":22,"column":9}},{"start":{},"end":{}}],"line":20},"6":{"loc":{"start":{"line":32,"column":4},"end":{"line":34,"column":5}},"type":"if","locations":[{"start":{"line":32,"column":4},"end":{"line":34,"column":5}},{"start":{},"end":{}}],"line":32},"7":{"loc":{"start":{"line":32,"column":8},"end":{"line":32,"column":78}},"type":"binary-expr","locations":[{"start":{"line":32,"column":8},"end":{"line":32,"column":20}},{"start":{"line":32,"column":24},"end":{"line":32,"column":40}},{"start":{"line":32,"column":44},"end":{"line":32,"column":78}}],"line":32},"8":{"loc":{"start":{"line":40,"column":4},"end":{"line":42,"column":5}},"type":"if","locations":[{"start":{"line":40,"column":4},"end":{"line":42,"column":5}},{"start":{},"end":{}}],"line":40},"9":{"loc":{"start":{"line":40,"column":8},"end":{"line":40,"column":120}},"type":"binary-expr","locations":[{"start":{"line":40,"column":8},"end":{"line":40,"column":20}},{"start":{"line":40,"column":24},"end":{"line":40,"column":40}},{"start":{"line":40,"column":45},"end":{"line":40,"column":79}},{"start":{"line":40,"column":83},"end":{"line":40,"column":119}}],"line":40}},"s":{"0":9,"1":9,"2":9,"3":43,"4":43,"5":43,"6":43,"7":14,"8":29,"9":29,"10":28,"11":28,"12":1,"13":27,"14":1,"15":9,"16":10,"17":1,"18":9,"19":9,"20":8,"21":2,"22":6},"f":{"0":43,"1":10,"2":8},"b":{"0":[43,43],"1":[0,43],"2":[43,43],"3":[14,29],"4":[29,29],"5":[1,27],"6":[1,9],"7":[10,10,10],"8":[2,6],"9":[8,8,8,2]},"_coverageSchema":"1a1c01bbd47fc00a2c39e90264f33305004495a9","hash":"50f8e6ecf7221f8e09665f6cfe2b9411027496c4"}
,"C:\\Users\\yosim\\Desktop\\SAVS_FWD\\backend\\middlewares\\requestContext.js": {"path":"C:\\Users\\yosim\\Desktop\\SAVS_FWD\\backend\\middlewares\\requestContext.js","statementMap":{"0":{"start":{"line":1,"column":15},"end":{"line":1,"column":32}},"1":{"start":{"line":2,"column":17},"end":{"line":2,"column":37}},"2":{"start":{"line":3,"column":15},"end":{"line":3,"column":41}},"3":{"start":{"line":5,"column":23},"end":{"line":28,"column":2}},"4":{"start":{"line":8,"column":21},"end":{"line":8,"column":48}},"5":{"start":{"line":9,"column":4},"end":{"line":9,"column":92}},"6":{"start":{"line":12,"column":4},"end":{"line":12,"column":33}},"7":{"start":{"line":16,"column":6},"end":{"line":20,"column":8}},"8":{"start":{"line":23,"column":6},"end":{"line":25,"column":8}},"9":{"start":{"line":30,"column":0},"end":{"line":30,"column":32}}},"fnMap":{"0":{"name":"(anonymous_0)","decl":{"start":{"line":7,"column":2},"end":{"line":7,"column":3}},"loc":{"start":{"line":7,"column":16},"end":{"line":10,"column":3}},"line":7},"1":{"name":"(anonymous_1)","decl":{"start":{"line":11,"column":2},"end":{"line":11,"column":3}},"loc":{"start":{"line":11,"column":19},"end":{"line":13,"column":3}},"line":11},"2":{"name":"(anonymous_2)","decl":{"start":{"line":15,"column":4},"end":{"line":15,"column":5}},"loc":{"start":{"line":15,"column":13},"end":{"line":21,"column":5}},"line":15},"3":{"name":"(anonymous_3)","decl":{"start":{"line":22,"column":4},"end":{"line":22,"column":5}},"loc":{"start":{"line":22,"column":13},"end":{"line":26,"column":5}},"line":22}},"branchMap":{"0":{"loc":{"start":{"line":9,"column":11},"end":{"line":9,"column":91}},"type":"cond-expr","locations":[{"start":{"line":9,"column":61},"end":{"line":9,"column":69}},{"start":{"line":9,"column":72},"end":{"line":9,"column":91}}],"line":9},"1":{"loc":{"start":{"line":9,"column":11},"end":{"line":9,"column":58}},"type":"binary-expr","locations":[{"start":{"line":9,"column":11},"end":{"line":9,"column":39}},{"start":{"line":9,"column":43},"end":{"line":9,"column":58}}],"line":9}},"s":{"0":9,"1":9,"2":9,"3":9,"4":67,"5":67,"6":134,"7":67,"8":67,"9":9},"f":{"0":67,"1":134,"2":67,"3":67},"b":{"0":[0,67],"1":[67,0]},"_coverageSchema":"1a1c01bbd47fc00a2c39e90264f33305004495a9","hash":"83a9828fddd293ef736cd81deeaa7441ca005da8"}
,"C:\\Users\\yosim\\Desktop\\SAVS_FWD\\backend\\utils\\asyncHandler.js": {"path":"C:\\Users\\yosim\\Desktop\\SAVS_FWD\\backend\\utils\\asyncHandler.js","statementMap":{"0":{"start":{"line":6,"column":21},"end":{"line":6,"column":96}},"1":{"start":{"line":6,"column":29},"end":{"line":6,"column":96}},"2":{"start":{"line":6,"column":49},"end":{"line":6,"column":96}},"3":{"start":{"line":8,"column":0},"end":{"line":8,"column":30}}},"fnMap":{"0":{"name":"(anonymous_0)","decl":{"start":{"line":6,"column":21},"end":{"line":6,"column":22}},"loc":{"start":{"line":6,"column":29},"end":{"line":6,"column":96}},"line":6},"1":{"name":"(anonymous_1)","decl":{"start":{"line":6,"column":29},"end":{"line":6,"column":30}},"loc":{"start":{"line":6,"column":49},"end":{"line":6,"column":96}},"line":6}},"branchMap":{},"s":{"0":9,"1":135,"2":25,"3":9},"f":{"0":135,"1":25},"b":{},"_coverageSchema":"1a1c01bbd47fc00a2c39e90264f33305004495a9","hash":"aab30ed8359916ec80b10a3f648e445bb453c79a"}
,"C:\\Users\\yosim\\Desktop\\SAVS_FWD\\backend\\utils\\facebookUrl.js": {"path":"C:\\Users\\yosim\\Desktop\\SAVS_FWD\\backend\\utils\\facebookUrl.js","statementMap":{"0":{"start":{"line":3,"column":2},"end":{"line":3,"column":82}},"1":{"start":{"line":5,"column":29},"end":{"line":5,"column":52}},"2":{"start":{"line":5,"column":35},"end":{"line":5,"column":52}},"3":{"start":{"line":7,"column":0},"end":{"line":7,"column":61}}},"fnMap":{"0":{"name":"(anonymous_0)","decl":{"start":{"line":5,"column":29},"end":{"line":5,"column":30}},"loc":{"start":{"line":5,"column":35},"end":{"line":5,"column":52}},"line":5}},"branchMap":{},"s":{"0":9,"1":9,"2":0,"3":9},"f":{"0":0},"b":{},"_coverageSchema":"1a1c01bbd47fc00a2c39e90264f33305004495a9","hash":"07e4098d97f71f93b8d6040c6944fda1a7909f8d"}
,"C:\\Users\\yosim\\Desktop\\SAVS_FWD\\backend\\utils\\httpError.js": {"path":"C:\\Users\\yosim\\Desktop\\SAVS_FWD\\backend\\utils\\httpError.js","statementMap":{"0":{"start":{"line":3,"column":4},"end":{"line":3,"column":19}},"1":{"start":{"line":4,"column":4},"end":{"line":4,"column":28}},"2":{"start":{"line":5,"column":4},"end":{"line":5,"column":33}},"3":{"start":{"line":6,"column":4},"end":{"line":6,"column":27}},"4":{"start":{"line":10,"column":0},"end":{"line":10,"column":31}}},"fnMap":{"0":{"name":"(anonymous_0)","decl":{"start":{"line":2,"column":2},"end":{"line":2,"column":3}},"loc":{"start":{"line":2,"column":44},"end":{"line":7,"column":3}},"line":2}},"branchMap":{},"s":{"0":3,"1":3,"2":3,"3":3,"4":9},"f":{"0":3},"b":{},"_coverageSchema":"1a1c01bbd47fc00a2c39e90264f33305004495a9","hash":"0128cf01d564fc15ade51a6919c7ba2707e05777"}
,"C:\\Users\\yosim\\Desktop\\SAVS_FWD\\backend\\utils\\logger.js": {"path":"C:\\Users\\yosim\\Desktop\\SAVS_FWD\\backend\\utils\\logger.js","statementMap":{"0":{"start":{"line":1,"column":13},"end":{"line":1,"column":28}},"1":{"start":{"line":4,"column":2},"end":{"line":13,"column":15}},"2":{"start":{"line":15,"column":15},"end":{"line":22,"column":2}},"3":{"start":{"line":24,"column":0},"end":{"line":24,"column":24}}},"fnMap":{},"branchMap":{"0":{"loc":{"start":{"line":4,"column":2},"end":{"line":13,"column":15}},"type":"cond-expr","locations":[{"start":{"line":5,"column":6},"end":{"line":12,"column":7}},{"start":{"line":13,"column":6},"end":{"line":13,"column":15}}],"line":4},"1":{"loc":{"start":{"line":16,"column":9},"end":{"line":16,"column":40}},"type":"binary-expr","locations":[{"start":{"line":16,"column":9},"end":{"line":16,"column":30}},{"start":{"line":16,"column":34},"end":{"line":16,"column":40}}],"line":16}},"s":{"0":9,"1":9,"2":9,"3":9},"f":{},"b":{"0":[9,0],"1":[9,9]},"_coverageSchema":"1a1c01bbd47fc00a2c39e90264f33305004495a9","hash":"7dbb9e470f80125af4a4590c81ea1e292e38965d"}
,"C:\\Users\\yosim\\Desktop\\SAVS_FWD\\backend\\utils\\reportExport.js": {"path":"C:\\Users\\yosim\\Desktop\\SAVS_FWD\\backend\\utils\\reportExport.js","statementMap":{"0":{"start":{"line":1,"column":20},"end":{"line":1,"column":37}},"1":{"start":{"line":2,"column":16},"end":{"line":2,"column":34}},"2":{"start":{"line":4,"column":22},"end":{"line":15,"column":1}},"3":{"start":{"line":5,"column":13},"end":{"line":5,"column":35}},"4":{"start":{"line":6,"column":13},"end":{"line":6,"column":39}},"5":{"start":{"line":7,"column":2},"end":{"line":10,"column":3}},"6":{"start":{"line":8,"column":4},"end":{"line":8,"column":29}},"7":{"start":{"line":9,"column":4},"end":{"line":9,"column":33}},"8":{"start":{"line":11,"column":15},"end":{"line":11,"column":35}},"9":{"start":{"line":12,"column":2},"end":{"line":12,"column":18}},"10":{"start":{"line":13,"column":2},"end":{"line":13,"column":62}},"11":{"start":{"line":13,"column":22},"end":{"line":13,"column":60}},"12":{"start":{"line":13,"column":48},"end":{"line":13,"column":58}},"13":{"start":{"line":14,"column":2},"end":{"line":14,"column":31}},"14":{"start":{"line":17,"column":20},"end":{"line":36,"column":4}},"15":{"start":{"line":18,"column":2},"end":{"line":36,"column":4}},"16":{"start":{"line":19,"column":16},"end":{"line":19,"column":47}},"17":{"start":{"line":20,"column":19},"end":{"line":20,"column":21}},"18":{"start":{"line":21,"column":4},"end":{"line":21,"column":42}},"19":{"start":{"line":21,"column":26},"end":{"line":21,"column":40}},"20":{"start":{"line":22,"column":4},"end":{"line":22,"column":56}},"21":{"start":{"line":22,"column":24},"end":{"line":22,"column":54}},"22":{"start":{"line":23,"column":4},"end":{"line":23,"column":28}},"23":{"start":{"line":24,"column":4},"end":{"line":24,"column":54}},"24":{"start":{"line":25,"column":4},"end":{"line":25,"column":19}},"25":{"start":{"line":26,"column":4},"end":{"line":34,"column":5}},"26":{"start":{"line":27,"column":6},"end":{"line":27,"column":41}},"27":{"start":{"line":29,"column":19},"end":{"line":29,"column":39}},"28":{"start":{"line":30,"column":6},"end":{"line":32,"column":9}},"29":{"start":{"line":31,"column":8},"end":{"line":31,"column":90}},"30":{"start":{"line":31,"column":58},"end":{"line":31,"column":73}},"31":{"start":{"line":33,"column":6},"end":{"line":33,"column":82}},"32":{"start":{"line":33,"column":29},"end":{"line":33,"column":82}},"33":{"start":{"line":35,"column":4},"end":{"line":35,"column":14}},"34":{"start":{"line":38,"column":0},"end":{"line":38,"column":48}}},"fnMap":{"0":{"name":"(anonymous_0)","decl":{"start":{"line":4,"column":22},"end":{"line":4,"column":23}},"loc":{"start":{"line":4,"column":61},"end":{"line":15,"column":1}},"line":4},"1":{"name":"(anonymous_1)","decl":{"start":{"line":13,"column":15},"end":{"line":13,"column":16}},"loc":{"start":{"line":13,"column":22},"end":{"line":13,"column":60}},"line":13},"2":{"name":"(anonymous_2)","decl":{"start":{"line":13,"column":41},"end":{"line":13,"column":42}},"loc":{"start":{"line":13,"column":48},"end":{"line":13,"column":58}},"line":13},"3":{"name":"(anonymous_3)","decl":{"start":{"line":17,"column":20},"end":{"line":17,"column":21}},"loc":{"start":{"line":18,"column":2},"end":{"line":36,"column":4}},"line":18},"4":{"name":"(anonymous_4)","decl":{"start":{"line":18,"column":14},"end":{"line":18,"column":15}},"loc":{"start":{"line":18,"column":35},"end":{"line":36,"column":3}},"line":18},"5":{"name":"(anonymous_5)","decl":{"start":{"line":21,"column":19},"end":{"line":21,"column":20}},"loc":{"start":{"line":21,"column":26},"end":{"line":21,"column":40}},"line":21},"6":{"name":"(anonymous_6)","decl":{"start":{"line":22,"column":18},"end":{"line":22,"column":19}},"loc":{"start":{"line":22,"column":24},"end":{"line":22,"column":54}},"line":22},"7":{"name":"(anonymous_7)","decl":{"start":{"line":30,"column":33},"end":{"line":30,"column":34}},"loc":{"start":{"line":30,"column":43},"end":{"line":32,"column":7}},"line":30},"8":{"name":"(anonymous_8)","decl":{"start":{"line":31,"column":51},"end":{"line":31,"column":52}},"loc":{"start":{"line":31,"column":58},"end":{"line":31,"column":73}},"line":31}},"branchMap":{"0":{"loc":{"start":{"line":4,"column":35},"end":{"line":4,"column":56}},"type":"default-arg","locations":[{"start":{"line":4,"column":47},"end":{"line":4,"column":56}}],"line":4},"1":{"loc":{"start":{"line":7,"column":2},"end":{"line":10,"column":3}},"type":"if","locations":[{"start":{"line":7,"column":2},"end":{"line":10,"column":3}},{"start":{},"end":{}}],"line":7},"2":{"loc":{"start":{"line":13,"column":48},"end":{"line":13,"column":58}},"type":"binary-expr","locations":[{"start":{"line":13,"column":48},"end":{"line":13,"column":52}},{"start":{"line":13,"column":56},"end":{"line":13,"column":58}}],"line":13},"3":{"loc":{"start":{"line":26,"column":4},"end":{"line":34,"column":5}},"type":"if","locations":[{"start":{"line":26,"column":4},"end":{"line":34,"column":5}},{"start":{"line":28,"column":11},"end":{"line":34,"column":5}}],"line":26},"4":{"loc":{"start":{"line":33,"column":6},"end":{"line":33,"column":82}},"type":"if","locations":[{"start":{"line":33,"column":6},"end":{"line":33,"column":82}},{"start":{},"end":{}}],"line":33}},"s":{"0":10,"1":10,"2":10,"3":2,"4":2,"5":2,"6":1,"7":1,"8":1,"9":1,"10":1,"11":2,"12":6,"13":1,"14":10,"15":2,"16":2,"17":2,"18":2,"19":122,"20":2,"21":2,"22":2,"23":2,"24":2,"25":2,"26":1,"27":1,"28":1,"29":2,"30":6,"31":1,"32":0,"33":2,"34":10},"f":{"0":2,"1":2,"2":6,"3":2,"4":2,"5":122,"6":2,"7":2,"8":6},"b":{"0":[1],"1":[1,1],"2":[6,0],"3":[1,1],"4":[0,1]},"_coverageSchema":"1a1c01bbd47fc00a2c39e90264f33305004495a9","hash":"2ce323f5473cabda37a2b9bfab97c395ccb201d1"}
}
