TN:
SF:middlewares\authMiddleware.js
FN:5,(anonymous_0)
FN:31,(anonymous_1)
FN:39,(anonymous_2)
FNF:3
FNH:3
FNDA:43,(anonymous_0)
FNDA:10,(anonymous_1)
FNDA:8,(anonymous_2)
DA:1,9
DA:2,9
DA:5,9
DA:6,43
DA:7,43
DA:8,43
DA:10,43
DA:11,14
DA:14,29
DA:15,29
DA:16,28
DA:20,28
DA:21,1
DA:24,27
DA:26,1
DA:31,9
DA:32,10
DA:33,1
DA:35,9
DA:39,9
DA:40,8
DA:41,2
DA:43,6
LF:23
LH:23
BRDA:6,0,0,43
BRDA:6,0,1,43
BRDA:7,1,0,0
BRDA:7,1,1,43
BRDA:8,2,0,43
BRDA:8,2,1,43
BRDA:10,3,0,14
BRDA:10,3,1,29
BRDA:15,4,0,29
BRDA:15,4,1,29
BRDA:20,5,0,1
BRDA:20,5,1,27
BRDA:32,6,0,1
BRDA:32,6,1,9
BRDA:32,7,0,10
BRDA:32,7,1,10
BRDA:32,7,2,10
BRDA:40,8,0,2
BRDA:40,8,1,6
BRDA:40,9,0,8
BRDA:40,9,1,8
BRDA:40,9,2,8
BRDA:40,9,3,2
BRF:23
BRH:22
end_of_record
TN:
SF:middlewares\requestContext.js
FN:7,(anonymous_0)
FN:11,(anonymous_1)
FN:15,(anonymous_2)
FN:22,(anonymous_3)
FNF:4
FNH:4
FNDA:67,(anonymous_0)
FNDA:134,(anonymous_1)
FNDA:67,(anonymous_2)
FNDA:67,(anonymous_3)
DA:1,9
DA:2,9
DA:3,9
DA:5,9
DA:8,67
DA:9,67
DA:12,134
DA:16,67
DA:23,67
DA:30,9
LF:10
LH:10
BRDA:9,0,0,0
BRDA:9,0,1,67
BRDA:9,1,0,67
BRDA:9,1,1,0
BRF:4
BRH:2
end_of_record
TN:
SF:utils\asyncHandler.js
FN:6,(anonymous_0)
FN:6,(anonymous_1)
FNF:2
FNH:2
FNDA:135,(anonymous_0)
FNDA:25,(anonymous_1)
DA:6,135
DA:8,9
LF:2
LH:2
BRF:0
BRH:0
end_of_record
TN:
SF:utils\facebookUrl.js
FN:5,(anonymous_0)
FNF:1
FNH:0
FNDA:0,(anonymous_0)
DA:3,9
DA:5,9
DA:7,9
LF:3
LH:3
BRF:0
BRH:0
end_of_record
TN:
SF:utils\httpError.js
FN:2,(anonymous_0)
FNF:1
FNH:1
FNDA:3,(anonymous_0)
DA:3,3
DA:4,3
DA:5,3
DA:6,3
DA:10,9
LF:5
LH:5
BRF:0
BRH:0
end_of_record
TN:
SF:utils\logger.js
FNF:0
FNH:0
DA:1,9
DA:4,9
DA:15,9
DA:24,9
LF:4
LH:4
BRDA:4,0,0,9
BRDA:4,0,1,0
BRDA:16,1,0,9
BRDA:16,1,1,9
BRF:4
BRH:3
end_of_record
TN:
SF:utils\reportExport.js
FN:4,(anonymous_0)
FN:13,(anonymous_1)
FN:13,(anonymous_2)
FN:17,(anonymous_3)
FN:18,(anonymous_4)
FN:21,(anonymous_5)
FN:22,(anonymous_6)
FN:30,(anonymous_7)
FN:31,(anonymous_8)
FNF:9
FNH:9
FNDA:2,(anonymous_0)
FNDA:2,(anonymous_1)
FNDA:6,(anonymous_2)
FNDA:2,(anonymous_3)
FNDA:2,(anonymous_4)
FNDA:122,(anonymous_5)
FNDA:2,(anonymous_6)
FNDA:2,(anonymous_7)
FNDA:6,(anonymous_8)
DA:1,10
DA:2,10
DA:4,10
DA:5,2
DA:6,2
DA:7,2
DA:8,1
DA:9,1
DA:11,1
DA:12,1
DA:13,6
DA:14,1
DA:17,10
DA:18,2
DA:19,2
DA:20,2
DA:21,122
DA:22,2
DA:23,2
DA:24,2
DA:25,2
DA:26,2
DA:27,1
DA:29,1
DA:30,1
DA:31,6
DA:33,1
DA:35,2
DA:38,10
LF:29
LH:29
BRDA:4,0,0,1
BRDA:7,1,0,1
BRDA:7,1,1,1
BRDA:13,2,0,6
BRDA:13,2,1,0
BRDA:26,3,0,1
BRDA:26,3,1,1
BRDA:33,4,0,0
BRDA:33,4,1,1
BRF:9
BRH:7
end_of_record
